<?xml version="1.0" encoding="utf-8" standalone="no"?>
<!--This file represents the results of running a test suite-->
<test-results name="C:\Users\Lea Monica\Documents\Visual Studio 2015\Projects\Assign4\ClassLibrary1\bin\Debug\ClassLibrary1.dll" total="9" errors="0" failures="0" not-run="0" inconclusive="0" ignored="0" skipped="0" invalid="0" date="2017-08-10" time="20:46:27">
  <environment nunit-version="2.6.4.14350" clr-version="2.0.50727.8784" os-version="Microsoft Windows NT 6.2.9200.0" platform="Win32NT" cwd="C:\Users\Lea Monica\Downloads\NUnit-2.6.4\NUnit-2.6.4\bin" machine-name="LAPTOP-2LGR7JU8" user="Lea Monica" user-domain="LAPTOP-2LGR7JU8" />
  <culture-info current-culture="en-PH" current-uiculture="en-US" />
  <test-suite type="Assembly" name="C:\Users\Lea Monica\Documents\Visual Studio 2015\Projects\Assign4\ClassLibrary1\bin\Debug\ClassLibrary1.dll" executed="True" result="Success" success="True" time="88.402" asserts="0">
    <results>
      <test-suite type="Namespace" name="SeleniumTests" executed="True" result="Success" success="True" time="88.400" asserts="0">
        <results>
          <test-suite type="TestFixture" name="TestCase" executed="True" result="Success" success="True" time="88.397" asserts="0">
            <results>
              <test-case name="SeleniumTests.TestCase.AddressBlankTest" executed="True" result="Success" success="True" time="9.760" asserts="2" />
              <test-case name="SeleniumTests.TestCase.CarDetailsBlankTest" executed="True" result="Success" success="True" time="9.863" asserts="2" />
              <test-case name="SeleniumTests.TestCase.NameTest" executed="True" result="Success" success="True" time="8.793" asserts="2" />
              <test-suite type="ParameterizedTest" name="PhoneTest" executed="True" result="Success" success="True" time="29.902" asserts="0">
                <results>
                  <test-case name="SeleniumTests.TestCase.PhoneTest(&quot;1&quot;)" executed="True" result="Success" success="True" time="10.140" asserts="2" />
                  <test-case name="SeleniumTests.TestCase.PhoneTest(&quot;22694597&quot;)" executed="True" result="Success" success="True" time="9.576" asserts="2" />
                  <test-case name="SeleniumTests.TestCase.PhoneTest(&quot;(1234567891)&quot;)" executed="True" result="Success" success="True" time="10.127" asserts="2" />
                </results>
              </test-suite>
              <test-suite type="ParameterizedTest" name="TheEmaiLTest" executed="True" result="Success" success="True" time="29.959" asserts="0">
                <results>
                  <test-case name="SeleniumTests.TestCase.TheEmaiLTest(&quot;@com&quot;)" executed="True" result="Success" success="True" time="10.233" asserts="2" />
                  <test-case name="SeleniumTests.TestCase.TheEmaiLTest(&quot;1@a&quot;)" executed="True" result="Success" success="True" time="9.776" asserts="2" />
                  <test-case name="SeleniumTests.TestCase.TheEmaiLTest(&quot;.com&quot;)" executed="True" result="Success" success="True" time="9.888" asserts="2" />
                </results>
              </test-suite>
            </results>
          </test-suite>
        </results>
      </test-suite>
    </results>
  </test-suite>
</test-results>